<?xml version="1.0" encoding="UTF-8"?>
<!-- Generated by org.testng.reporters.JUnitXMLReporter -->
<testsuite ignored="2" hostname="DESKTOP-HNEEH8I" failures="0" tests="3" name="Test" time="30.595" errors="0" timestamp="2023-08-05T19:33:12 IST">
  <testcase classname="testscripts.smoke.ValidateSearchHotel" name="validatingSearchHotelPage" time="10.525"/>
  <testcase classname="testscripts.smoke.ValidateSearchHotel2" name="validateSearchWithInvalidC" time="6.295"/>
  <testcase classname="testscripts.smoke.ValidateSearchHotel3" name="validateSearchWithInvalidCred" time="6.454"/>
  <testcase classname="base.BaseTest" name="@BeforeTest fileSetUp" time="0.0">
    <ignored/>
  </testcase> <!-- @BeforeTest fileSetUp -->
  <testcase classname="base.BaseTest" name="@BeforeTest fileSetUp" time="0.0">
    <ignored/>
  </testcase> <!-- @BeforeTest fileSetUp -->
</testsuite> <!-- Test -->
