<?xml version="1.0" encoding="UTF-8"?>
<testng-results ignored="2" total="5" passed="3" failed="0" skipped="0">
  <reporter-output>
  </reporter-output>
  <suite started-at="2023-08-05T19:32:42 IST" name="Suite" finished-at="2023-08-05T19:33:12 IST" duration-ms="30595">
    <groups>
    </groups>
    <test started-at="2023-08-05T19:32:42 IST" name="Test" finished-at="2023-08-05T19:33:12 IST" duration-ms="30595">
      <class name="testscripts.smoke.ValidateSearchHotel2">
        <test-method signature="validateSearchWithInvalidC()[pri:0, instance:testscripts.smoke.ValidateSearchHotel2@682b2fa]" started-at="2023-08-05T19:32:55 IST" name="validateSearchWithInvalidC" finished-at="2023-08-05T19:33:01 IST" duration-ms="6295" status="PASS">
          <reporter-output>
          </reporter-output>
        </test-method> <!-- validateSearchWithInvalidC -->
        <test-method is-config="true" signature="tearDown()[pri:0, instance:testscripts.smoke.ValidateSearchHotel2@682b2fa]" started-at="2023-08-05T19:33:01 IST" name="tearDown" finished-at="2023-08-05T19:33:03 IST" duration-ms="2359" status="PASS">
          <reporter-output>
          </reporter-output>
        </test-method> <!-- tearDown -->
      </class> <!-- testscripts.smoke.ValidateSearchHotel2 -->
      <class name="testscripts.smoke.ValidateSearchHotel">
        <test-method is-config="true" signature="fileSetUp()[pri:0, instance:testscripts.smoke.ValidateSearchHotel@6a78afa0]" started-at="2023-08-05T19:32:42 IST" name="fileSetUp" finished-at="2023-08-05T19:32:42 IST" duration-ms="19" status="PASS">
          <reporter-output>
          </reporter-output>
        </test-method> <!-- fileSetUp -->
        <test-method signature="validatingSearchHotelPage()[pri:0, instance:testscripts.smoke.ValidateSearchHotel@6a78afa0]" started-at="2023-08-05T19:32:42 IST" name="validatingSearchHotelPage" finished-at="2023-08-05T19:32:52 IST" duration-ms="10525" status="PASS">
          <reporter-output>
          </reporter-output>
        </test-method> <!-- validatingSearchHotelPage -->
        <test-method is-config="true" signature="tearDown()[pri:0, instance:testscripts.smoke.ValidateSearchHotel@6a78afa0]" started-at="2023-08-05T19:32:52 IST" name="tearDown" finished-at="2023-08-05T19:32:55 IST" duration-ms="2485" status="PASS">
          <reporter-output>
          </reporter-output>
        </test-method> <!-- tearDown -->
      </class> <!-- testscripts.smoke.ValidateSearchHotel -->
      <class name="testscripts.smoke.ValidateSearchHotel3">
        <test-method signature="validateSearchWithInvalidCred()[pri:0, instance:testscripts.smoke.ValidateSearchHotel3@217ed35e]" started-at="2023-08-05T19:33:03 IST" name="validateSearchWithInvalidCred" finished-at="2023-08-05T19:33:10 IST" duration-ms="6454" status="PASS">
          <reporter-output>
          </reporter-output>
        </test-method> <!-- validateSearchWithInvalidCred -->
        <test-method is-config="true" signature="tearDown()[pri:0, instance:testscripts.smoke.ValidateSearchHotel3@217ed35e]" started-at="2023-08-05T19:33:10 IST" name="tearDown" finished-at="2023-08-05T19:33:12 IST" duration-ms="2370" status="PASS">
          <reporter-output>
          </reporter-output>
        </test-method> <!-- tearDown -->
      </class> <!-- testscripts.smoke.ValidateSearchHotel3 -->
    </test> <!-- Test -->
  </suite> <!-- Suite -->
</testng-results>
